<?xml version="1.0" encoding="UTF-8"?>
<testng-results ignored="0" total="1" passed="1" failed="0" skipped="0">
  <reporter-output>
  </reporter-output>
  <suite started-at="2026-01-19T10:16:29 CET" name="Default suite" finished-at="2026-01-19T10:16:34 CET" duration-ms="5059">
    <groups>
    </groups>
    <test started-at="2026-01-19T10:16:29 CET" name="Default test" finished-at="2026-01-19T10:16:34 CET" duration-ms="5059">
      <class name="Test.google">
        <test-method signature="searchPage()[pri:0, instance:Test.google@ba2f4ec]" started-at="2026-01-19T10:16:29 CET" name="searchPage" finished-at="2026-01-19T10:16:34 CET" duration-ms="5020" status="PASS">
          <reporter-output>
          </reporter-output>
        </test-method> <!-- searchPage -->
      </class> <!-- Test.google -->
    </test> <!-- Default test -->
  </suite> <!-- Default suite -->
</testng-results>
